# JRE version: OpenJDK Runtime Environment (8.0_152-b01) (build 1.8.0_152-release-915-b01)
# Java VM: OpenJDK 64-Bit Server VM (25.152-b01 mixed mode windows-amd64 compressed oops)
Heap:
 PSYoungGen      total 483328K, used 54037K [0x00000000e0000000, 0x0000000100000000, 0x0000000100000000)
  eden space 442368K, 7% used [0x00000000e0000000,0x00000000e1e8b808,0x00000000fb000000)
  from space 40960K, 55% used [0x00000000fb000000,0x00000000fc639c50,0x00000000fd800000)
  to   space 39936K, 0% used [0x00000000fd900000,0x00000000fd900000,0x0000000100000000)
 ParOldGen       total 235008K, used 81066K [0x00000000a0000000, 0x00000000ae580000, 0x00000000e0000000)
  object space 235008K, 34% used [0x00000000a0000000,0x00000000a4f2aac8,0x00000000ae580000)
 Metaspace       used 107003K, capacity 116617K, committed 116884K, reserved 1150976K
  class space    used 13637K, capacity 15754K, committed 15804K, reserved 1048576K
GC Heap History (10 events):
Event: 6920.642 GC heap before
{Heap before GC invocations=41 (full 4):
 PSYoungGen      total 472576K, used 465496K [0x00000000e0000000, 0x00000000ff580000, 0x0000000100000000)
  eden space 437760K, 99% used [0x00000000e0000000,0x00000000faafbad0,0x00000000fab80000)
  from space 34816K, 81% used [0x00000000fd280000,0x00000000fee1a718,0x00000000ff480000)
  to   space 37888K, 0% used [0x00000000fab80000,0x00000000fab80000,0x00000000fd080000)
 ParOldGen       total 235008K, used 81026K [0x00000000a0000000, 0x00000000ae580000, 0x00000000e0000000)
  object space 235008K, 34% used [0x00000000a0000000,0x00000000a4f20ac8,0x00000000ae580000)
 Metaspace       used 100047K, capacity 107961K, committed 108180K, reserved 1142784K
  class space    used 12852K, capacity 14656K, committed 14780K, reserved 1048576K
Event: 6920.669 GC heap after
Heap after GC invocations=41 (full 4):
 PSYoungGen      total 475648K, used 20083K [0x00000000e0000000, 0x0000000100000000, 0x0000000100000000)
  eden space 437760K, 0% used [0x00000000e0000000,0x00000000e0000000,0x00000000fab80000)
  from space 37888K, 53% used [0x00000000fab80000,0x00000000fbf1cd78,0x00000000fd080000)
  to   space 37376K, 0% used [0x00000000fdb80000,0x00000000fdb80000,0x0000000100000000)
 ParOldGen       total 235008K, used 81034K [0x00000000a0000000, 0x00000000ae580000, 0x00000000e0000000)
  object space 235008K, 34% used [0x00000000a0000000,0x00000000a4f22ac8,0x00000000ae580000)
 Metaspace       used 100047K, capacity 107961K, committed 108180K, reserved 1142784K
  class space    used 12852K, capacity 14656K, committed 14780K, reserved 1048576K
}
Event: 7004.995 GC heap before
{Heap before GC invocations=42 (full 4):
 PSYoungGen      total 475648K, used 457843K [0x00000000e0000000, 0x0000000100000000, 0x0000000100000000)
  eden space 437760K, 100% used [0x00000000e0000000,0x00000000fab80000,0x00000000fab80000)
  from space 37888K, 53% used [0x00000000fab80000,0x00000000fbf1cd78,0x00000000fd080000)
  to   space 37376K, 0% used [0x00000000fdb80000,0x00000000fdb80000,0x0000000100000000)
 ParOldGen       total 235008K, used 81034K [0x00000000a0000000, 0x00000000ae580000, 0x00000000e0000000)
  object space 235008K, 34% used [0x00000000a0000000,0x00000000a4f22ac8,0x00000000ae580000)
 Metaspace       used 105528K, capacity 113987K, committed 114196K, reserved 1148928K
  class space    used 13436K, capacity 15375K, committed 15420K, reserved 1048576K
Event: 7005.028 GC heap after
Heap after GC invocations=42 (full 4):
 PSYoungGen      total 484864K, used 19985K [0x00000000e0000000, 0x00000000ffe80000, 0x0000000100000000)
  eden space 449024K, 0% used [0x00000000e0000000,0x00000000e0000000,0x00000000fb680000)
  from space 35840K, 55% used [0x00000000fdb80000,0x00000000fef04608,0x00000000ffe80000)
  to   space 36864K, 0% used [0x00000000fb680000,0x00000000fb680000,0x00000000fda80000)
 ParOldGen       total 235008K, used 81042K [0x00000000a0000000, 0x00000000ae580000, 0x00000000e0000000)
  object space 235008K, 34% used [0x00000000a0000000,0x00000000a4f24ac8,0x00000000ae580000)
 Metaspace       used 105528K, capacity 113987K, committed 114196K, reserved 1148928K
  class space    used 13436K, capacity 15375K, committed 15420K, reserved 1048576K
}
Event: 7350.220 GC heap before
{Heap before GC invocations=43 (full 4):
 PSYoungGen      total 484864K, used 469009K [0x00000000e0000000, 0x00000000ffe80000, 0x0000000100000000)
  eden space 449024K, 100% used [0x00000000e0000000,0x00000000fb680000,0x00000000fb680000)
  from space 35840K, 55% used [0x00000000fdb80000,0x00000000fef04608,0x00000000ffe80000)
  to   space 36864K, 0% used [0x00000000fb680000,0x00000000fb680000,0x00000000fda80000)
 ParOldGen       total 235008K, used 81042K [0x00000000a0000000, 0x00000000ae580000, 0x00000000e0000000)
  object space 235008K, 34% used [0x00000000a0000000,0x00000000a4f24ac8,0x00000000ae580000)
 Metaspace       used 106399K, capacity 115671K, committed 115732K, reserved 1148928K
  class space    used 13584K, capacity 15623K, committed 15676K, reserved 1048576K
Event: 7350.261 GC heap after
Heap after GC invocations=43 (full 4):
 PSYoungGen      total 485888K, used 19058K [0x00000000e0000000, 0x00000000fff00000, 0x0000000100000000)
  eden space 449024K, 0% used [0x00000000e0000000,0x00000000e0000000,0x00000000fb680000)
  from space 36864K, 51% used [0x00000000fb680000,0x00000000fc91cb28,0x00000000fda80000)
  to   space 35840K, 0% used [0x00000000fdc00000,0x00000000fdc00000,0x00000000fff00000)
 ParOldGen       total 235008K, used 81050K [0x00000000a0000000, 0x00000000ae580000, 0x00000000e0000000)
  object space 235008K, 34% used [0x00000000a0000000,0x00000000a4f26ac8,0x00000000ae580000)
 Metaspace       used 106399K, capacity 115671K, committed 115732K, reserved 1148928K
  class space    used 13584K, capacity 15623K, committed 15676K, reserved 1048576K
}
Event: 7356.168 GC heap before
{Heap before GC invocations=44 (full 4):
 PSYoungGen      total 485888K, used 467842K [0x00000000e0000000, 0x00000000fff00000, 0x0000000100000000)
  eden space 449024K, 99% used [0x00000000e0000000,0x00000000fb644000,0x00000000fb680000)
  from space 36864K, 51% used [0x00000000fb680000,0x00000000fc91cb28,0x00000000fda80000)
  to   space 35840K, 0% used [0x00000000fdc00000,0x00000000fdc00000,0x00000000fff00000)
 ParOldGen       total 235008K, used 81050K [0x00000000a0000000, 0x00000000ae580000, 0x00000000e0000000)
  object space 235008K, 34% used [0x00000000a0000000,0x00000000a4f26ac8,0x00000000ae580000)
 Metaspace       used 106746K, capacity 116085K, committed 116244K, reserved 1150976K
  class space    used 13594K, capacity 15636K, committed 15676K, reserved 1048576K
Event: 7356.205 GC heap after
Heap after GC invocations=44 (full 4):
 PSYoungGen      total 478208K, used 35559K [0x00000000e0000000, 0x0000000100000000, 0x0000000100000000)
  eden space 442368K, 0% used [0x00000000e0000000,0x00000000e0000000,0x00000000fb000000)
  from space 35840K, 99% used [0x00000000fdc00000,0x00000000ffeb9cc8,0x00000000fff00000)
  to   space 40960K, 0% used [0x00000000fb000000,0x00000000fb000000,0x00000000fd800000)
 ParOldGen       total 235008K, used 81058K [0x00000000a0000000, 0x00000000ae580000, 0x00000000e0000000)
  object space 235008K, 34% used [0x00000000a0000000,0x00000000a4f28ac8,0x00000000ae580000)
 Metaspace       used 106746K, capacity 116085K, committed 116244K, reserved 1150976K
  class space    used 13594K, capacity 15636K, committed 15676K, reserved 1048576K
}
Event: 8927.391 GC heap before
{Heap before GC invocations=45 (full 4):
 PSYoungGen      total 478208K, used 477927K [0x00000000e0000000, 0x0000000100000000, 0x0000000100000000)
  eden space 442368K, 100% used [0x00000000e0000000,0x00000000fb000000,0x00000000fb000000)
  from space 35840K, 99% used [0x00000000fdc00000,0x00000000ffeb9cc8,0x00000000fff00000)
  to   space 40960K, 0% used [0x00000000fb000000,0x00000000fb000000,0x00000000fd800000)
 ParOldGen       total 235008K, used 81058K [0x00000000a0000000, 0x00000000ae580000, 0x00000000e0000000)
  object space 235008K, 34% used [0x00000000a0000000,0x00000000a4f28ac8,0x00000000ae580000)
 Metaspace       used 106984K, capacity 116617K, committed 116884K, reserved 1150976K
  class space    used 13636K, capacity 15754K, committed 15804K, reserved 1048576K
Event: 8927.538 GC heap after
Heap after GC invocations=45 (full 4):
 PSYoungGen      total 483328K, used 22759K [0x00000000e0000000, 0x0000000100000000, 0x0000000100000000)
  eden space 442368K, 0% used [0x00000000e0000000,0x00000000e0000000,0x00000000fb000000)
  from space 40960K, 55% used [0x00000000fb000000,0x00000000fc639c50,0x00000000fd800000)
  to   space 39936K, 0% used [0x00000000fd900000,0x00000000fd900000,0x0000000100000000)
 ParOldGen       total 235008K, used 81066K [0x00000000a0000000, 0x00000000ae580000, 0x00000000e0000000)
  object space 235008K, 34% used [0x00000000a0000000,0x00000000a4f2aac8,0x00000000ae580000)
 Metaspace       used 106984K, capacity 116617K, committed 116884K, reserved 1150976K
  class space    used 13636K, capacity 15754K, committed 15804K, reserved 1048576K
}

